                                                                   QUERY PLAN                                                                   
------------------------------------------------------------------------------------------------------------------------------------------------
 [                                                                                                                                             +
   {                                                                                                                                           +
     "Plan": {                                                                                                                                 +
       "Node Type": "Aggregate",                                                                                                               +
       "Strategy": "Plain",                                                                                                                    +
       "Partial Mode": "Simple",                                                                                                               +
       "Parallel Aware": false,                                                                                                                +
       "Startup Cost": 51759.31,                                                                                                               +
       "Total Cost": 51759.32,                                                                                                                 +
       "Plan Rows": 1,                                                                                                                         +
       "Plan Width": 68,                                                                                                                       +
       "Plans": [                                                                                                                              +
         {                                                                                                                                     +
           "Node Type": "Gather",                                                                                                              +
           "Parent Relationship": "Outer",                                                                                                     +
           "Parallel Aware": false,                                                                                                            +
           "Startup Cost": 51758.08,                                                                                                           +
           "Total Cost": 51759.30,                                                                                                             +
           "Plan Rows": 1,                                                                                                                     +
           "Plan Width": 45,                                                                                                                   +
           "Workers Planned": 3,                                                                                                               +
           "Single Copy": false,                                                                                                               +
           "Plans": [                                                                                                                          +
             {                                                                                                                                 +
               "Node Type": "Merge Join",                                                                                                      +
               "Parent Relationship": "Outer",                                                                                                 +
               "Parallel Aware": false,                                                                                                        +
               "Join Type": "Inner",                                                                                                           +
               "Startup Cost": 50758.08,                                                                                                       +
               "Total Cost": 50759.20,                                                                                                         +
               "Plan Rows": 1,                                                                                                                 +
               "Plan Width": 45,                                                                                                               +
               "Inner Unique": false,                                                                                                          +
               "Merge Cond": "(mc.company_type_id = ct.id)",                                                                                   +
               "Plans": [                                                                                                                      +
                 {                                                                                                                             +
                   "Node Type": "Sort",                                                                                                        +
                   "Parent Relationship": "Outer",                                                                                             +
                   "Parallel Aware": false,                                                                                                    +
                   "Startup Cost": 50757.02,                                                                                                   +
                   "Total Cost": 50757.34,                                                                                                     +
                   "Plan Rows": 127,                                                                                                           +
                   "Plan Width": 49,                                                                                                           +
                   "Sort Key": ["mc.company_type_id"],                                                                                         +
                   "Plans": [                                                                                                                  +
                     {                                                                                                                         +
                       "Node Type": "Hash Join",                                                                                               +
                       "Parent Relationship": "Outer",                                                                                         +
                       "Parallel Aware": false,                                                                                                +
                       "Join Type": "Inner",                                                                                                   +
                       "Startup Cost": 14.99,                                                                                                  +
                       "Total Cost": 50752.58,                                                                                                 +
                       "Plan Rows": 127,                                                                                                       +
                       "Plan Width": 49,                                                                                                       +
                       "Inner Unique": true,                                                                                                   +
                       "Hash Cond": "(mi_idx.info_type_id = it.id)",                                                                           +
                       "Plans": [                                                                                                              +
                         {                                                                                                                     +
                           "Node Type": "Nested Loop",                                                                                         +
                           "Parent Relationship": "Outer",                                                                                     +
                           "Parallel Aware": false,                                                                                            +
                           "Join Type": "Inner",                                                                                               +
                           "Startup Cost": 0.86,                                                                                               +
                           "Total Cost": 50735.39,                                                                                             +
                           "Plan Rows": 1125,                                                                                                  +
                           "Plan Width": 53,                                                                                                   +
                           "Inner Unique": true,                                                                                               +
                           "Join Filter": "(mc.movie_id = t.id)",                                                                              +
                           "Plans": [                                                                                                          +
                             {                                                                                                                 +
                               "Node Type": "Nested Loop",                                                                                     +
                               "Parent Relationship": "Outer",                                                                                 +
                               "Parallel Aware": false,                                                                                        +
                               "Join Type": "Inner",                                                                                           +
                               "Startup Cost": 0.43,                                                                                           +
                               "Total Cost": 50734.79,                                                                                         +
                               "Plan Rows": 1,                                                                                                 +
                               "Plan Width": 40,                                                                                               +
                               "Inner Unique": false,                                                                                          +
                               "Plans": [                                                                                                      +
                                 {                                                                                                             +
                                   "Node Type": "Seq Scan",                                                                                    +
                                   "Parent Relationship": "Outer",                                                                             +
                                   "Parallel Aware": true,                                                                                     +
                                   "Relation Name": "movie_companies",                                                                         +
                                   "Alias": "mc",                                                                                              +
                                   "Startup Cost": 0.00,                                                                                       +
                                   "Total Cost": 31414.82,                                                                                     +
                                   "Plan Rows": 4140,                                                                                          +
                                   "Plan Width": 32,                                                                                           +
                                   "Filter": "((note !~~ '%(as Metro-Goldwyn-Mayer Pictures)%'::text) AND (note ~~ '%(co-production)%'::text))"+
                                 },                                                                                                            +
                                 {                                                                                                             +
                                   "Node Type": "Index Scan",                                                                                  +
                                   "Parent Relationship": "Inner",                                                                             +
                                   "Parallel Aware": false,                                                                                    +
                                   "Scan Direction": "Forward",                                                                                +
                                   "Index Name": "movie_id_movie_info_idx",                                                                    +
                                   "Relation Name": "movie_info_idx",                                                                          +
                                   "Alias": "mi_idx",                                                                                          +
                                   "Startup Cost": 0.43,                                                                                       +
                                   "Total Cost": 4.64,                                                                                         +
                                   "Plan Rows": 3,                                                                                             +
                                   "Plan Width": 8,                                                                                            +
                                   "Index Cond": "(movie_id = mc.movie_id)"                                                                    +
                                 }                                                                                                             +
                               ]                                                                                                               +
                             },                                                                                                                +
                             {                                                                                                                 +
                               "Node Type": "Index Scan",                                                                                      +
                               "Parent Relationship": "Inner",                                                                                 +
                               "Parallel Aware": false,                                                                                        +
                               "Scan Direction": "Forward",                                                                                    +
                               "Index Name": "title_pkey",                                                                                     +
                               "Relation Name": "title",                                                                                       +
                               "Alias": "t",                                                                                                   +
                               "Startup Cost": 0.43,                                                                                           +
                               "Total Cost": 0.58,                                                                                             +
                               "Plan Rows": 1,                                                                                                 +
                               "Plan Width": 25,                                                                                               +
                               "Index Cond": "(id = mi_idx.movie_id)",                                                                         +
                               "Filter": "(production_year > 2010)"                                                                            +
                             }                                                                                                                 +
                           ]                                                                                                                   +
                         },                                                                                                                    +
                         {                                                                                                                     +
                           "Node Type": "Hash",                                                                                                +
                           "Parent Relationship": "Inner",                                                                                     +
                           "Parallel Aware": false,                                                                                            +
                           "Startup Cost": 14.12,                                                                                              +
                           "Total Cost": 14.12,                                                                                                +
                           "Plan Rows": 1,                                                                                                     +
                           "Plan Width": 4,                                                                                                    +
                           "Plans": [                                                                                                          +
                             {                                                                                                                 +
                               "Node Type": "Index Scan",                                                                                      +
                               "Parent Relationship": "Outer",                                                                                 +
                               "Parallel Aware": false,                                                                                        +
                               "Scan Direction": "Forward",                                                                                    +
                               "Index Name": "info_type_pkey",                                                                                 +
                               "Relation Name": "info_type",                                                                                   +
                               "Alias": "it",                                                                                                  +
                               "Startup Cost": 0.14,                                                                                           +
                               "Total Cost": 14.12,                                                                                            +
                               "Plan Rows": 1,                                                                                                 +
                               "Plan Width": 4,                                                                                                +
                               "Filter": "((info)::text = 'top 250 rank'::text)"                                                               +
                             }                                                                                                                 +
                           ]                                                                                                                   +
                         }                                                                                                                     +
                       ]                                                                                                                       +
                     }                                                                                                                         +
                   ]                                                                                                                           +
                 },                                                                                                                            +
                 {                                                                                                                             +
                   "Node Type": "Materialize",                                                                                                 +
                   "Parent Relationship": "Inner",                                                                                             +
                   "Parallel Aware": false,                                                                                                    +
                   "Startup Cost": 1.06,                                                                                                       +
                   "Total Cost": 1.07,                                                                                                         +
                   "Plan Rows": 1,                                                                                                             +
                   "Plan Width": 4,                                                                                                            +
                   "Plans": [                                                                                                                  +
                     {                                                                                                                         +
                       "Node Type": "Sort",                                                                                                    +
                       "Parent Relationship": "Outer",                                                                                         +
                       "Parallel Aware": false,                                                                                                +
                       "Startup Cost": 1.06,                                                                                                   +
                       "Total Cost": 1.06,                                                                                                     +
                       "Plan Rows": 1,                                                                                                         +
                       "Plan Width": 4,                                                                                                        +
                       "Sort Key": ["ct.id"],                                                                                                  +
                       "Plans": [                                                                                                              +
                         {                                                                                                                     +
                           "Node Type": "Seq Scan",                                                                                            +
                           "Parent Relationship": "Outer",                                                                                     +
                           "Parallel Aware": false,                                                                                            +
                           "Relation Name": "company_type",                                                                                    +
                           "Alias": "ct",                                                                                                      +
                           "Startup Cost": 0.00,                                                                                               +
                           "Total Cost": 1.05,                                                                                                 +
                           "Plan Rows": 1,                                                                                                     +
                           "Plan Width": 4,                                                                                                    +
                           "Filter": "((kind)::text = 'production companies'::text)"                                                           +
                         }                                                                                                                     +
                       ]                                                                                                                       +
                     }                                                                                                                         +
                   ]                                                                                                                           +
                 }                                                                                                                             +
               ]                                                                                                                               +
             }                                                                                                                                 +
           ]                                                                                                                                   +
         }                                                                                                                                     +
       ]                                                                                                                                       +
     }                                                                                                                                         +
   }                                                                                                                                           +
 ]
(1 row)

