[
    [
        [
            {
                "Plan": {
                    "Node Type": "Aggregate",
                    "Strategy": "Plain",
                    "Partial Mode": "Finalize",
                    "Parallel Aware": false,
                    "Startup Cost": 453474953552498.6,
                    "Total Cost": 453474953552498.6,
                    "Plan Rows": 1,
                    "Plan Width": 68,
                    "Plans": [
                        {
                            "Node Type": "Gather",
                            "Parent Relationship": "Outer",
                            "Parallel Aware": false,
                            "Startup Cost": 453474953552498.25,
                            "Total Cost": 453474953552498.6,
                            "Plan Rows": 4,
                            "Plan Width": 68,
                            "Workers Planned": 4,
                            "Single Copy": false,
                            "Plans": [
                                {
                                    "Node Type": "Aggregate",
                                    "Strategy": "Plain",
                                    "Partial Mode": "Partial",
                                    "Parent Relationship": "Outer",
                                    "Parallel Aware": false,
                                    "Startup Cost": 453474953551498.25,
                                    "Total Cost": 453474953551498.25,
                                    "Plan Rows": 1,
                                    "Plan Width": 68,
                                    "Plans": [
                                        {
                                            "Node Type": "Merge Join",
                                            "Parent Relationship": "Outer",
                                            "Parallel Aware": false,
                                            "Join Type": "Inner",
                                            "Startup Cost": 44351950184403.89,
                                            "Total Cost": 302403593498821.06,
                                            "Plan Rows": 20142848007023624,
                                            "Plan Width": 45,
                                            "Inner Unique": false,
                                            "Merge Cond": "(mi_idx.info_type_id = it.id)",
                                            "Plans": [
                                                {
                                                    "Node Type": "Sort",
                                                    "Parent Relationship": "Outer",
                                                    "Parallel Aware": false,
                                                    "Startup Cost": 263955247632.77,
                                                    "Total Cost": 266136134193.71,
                                                    "Plan Rows": 872354624375,
                                                    "Plan Width": 25,
                                                    "Sort Key": [
                                                        "mi_idx.info_type_id"
                                                    ],
                                                    "Plans": [
                                                        {
                                                            "Node Type": "Nested Loop",
                                                            "Parent Relationship": "Outer",
                                                            "Parallel Aware": false,
                                                            "Join Type": "Inner",
                                                            "Startup Cost": 0.43,
                                                            "Total Cost": 49197083270.49,
                                                            "Plan Rows": 872354624375,
                                                            "Plan Width": 25,
                                                            "Inner Unique": false,
                                                            "Plans": [
                                                                {
                                                                    "Node Type": "Seq Scan",
                                                                    "Parent Relationship": "Outer",
                                                                    "Parallel Aware": true,
                                                                    "Relation Name": "title",
                                                                    "Alias": "t",
                                                                    "Startup Cost": 0.0,
                                                                    "Total Cost": 42319.25,
                                                                    "Plan Rows": 632125,
                                                                    "Plan Width": 21
                                                                },
                                                                {
                                                                    "Node Type": "Index Scan",
                                                                    "Parent Relationship": "Inner",
                                                                    "Parallel Aware": false,
                                                                    "Scan Direction": "Forward",
                                                                    "Index Name": "info_type_id_movie_info_idx",
                                                                    "Relation Name": "movie_info_idx",
                                                                    "Alias": "mi_idx",
                                                                    "Startup Cost": 0.43,
                                                                    "Total Cost": 64027.68,
                                                                    "Plan Rows": 1380035,
                                                                    "Plan Width": 4
                                                                }
                                                            ]
                                                        }
                                                    ]
                                                },
                                                {
                                                    "Node Type": "Materialize",
                                                    "Parent Relationship": "Inner",
                                                    "Parallel Aware": false,
                                                    "Startup Cost": 0.14,
                                                    "Total Cost": 103601.86,
                                                    "Plan Rows": 2609129,
                                                    "Plan Width": 28,
                                                    "Plans": [
                                                        {
                                                            "Node Type": "Nested Loop",
                                                            "Parent Relationship": "Outer",
                                                            "Parallel Aware": false,
                                                            "Join Type": "Inner",
                                                            "Startup Cost": 0.14,
                                                            "Total Cost": 97079.04,
                                                            "Plan Rows": 2609129,
                                                            "Plan Width": 28,
                                                            "Inner Unique": false,
                                                            "Plans": [
                                                                {
                                                                    "Node Type": "Index Scan",
                                                                    "Parent Relationship": "Outer",
                                                                    "Parallel Aware": false,
                                                                    "Scan Direction": "Forward",
                                                                    "Index Name": "info_type_pkey",
                                                                    "Relation Name": "info_type",
                                                                    "Alias": "it",
                                                                    "Startup Cost": 0.14,
                                                                    "Total Cost": 14.12,
                                                                    "Plan Rows": 1,
                                                                    "Plan Width": 4,
                                                                    "Filter": "((info)::text = 'top 250 rank'::text)"
                                                                },
                                                                {
                                                                    "Node Type": "Nested Loop",
                                                                    "Parent Relationship": "Inner",
                                                                    "Parallel Aware": false,
                                                                    "Join Type": "Inner",
                                                                    "Startup Cost": 0.0,
                                                                    "Total Cost": 70973.63,
                                                                    "Plan Rows": 2609129,
                                                                    "Plan Width": 24,
                                                                    "Inner Unique": false,
                                                                    "Plans": [
                                                                        {
                                                                            "Node Type": "Seq Scan",
                                                                            "Parent Relationship": "Outer",
                                                                            "Parallel Aware": false,
                                                                            "Relation Name": "company_type",
                                                                            "Alias": "ct",
                                                                            "Startup Cost": 0.0,
                                                                            "Total Cost": 1.05,
                                                                            "Plan Rows": 1,
                                                                            "Plan Width": 0,
                                                                            "Filter": "((kind)::text = 'production companies'::text)"
                                                                        },
                                                                        {
                                                                            "Node Type": "Seq Scan",
                                                                            "Parent Relationship": "Inner",
                                                                            "Parallel Aware": false,
                                                                            "Relation Name": "movie_companies",
                                                                            "Alias": "mc",
                                                                            "Startup Cost": 0.0,
                                                                            "Total Cost": 44881.29,
                                                                            "Plan Rows": 2609129,
                                                                            "Plan Width": 24
                                                                        }
                                                                    ]
                                                                }
                                                            ]
                                                        }
                                                    ]
                                                }
                                            ]
                                        }
                                    ]
                                }
                            ]
                        }
                    ]
                }
            }
        ]
    ]
]