[
    [
        [
            {
                "Plan": {
                    "Node Type": "Aggregate",
                    "Strategy": "Plain",
                    "Partial Mode": "Finalize",
                    "Parallel Aware": false,
                    "Startup Cost": 409145393570631.0,
                    "Total Cost": 409145393570631.0,
                    "Plan Rows": 1,
                    "Plan Width": 68,
                    "Plans": [
                        {
                            "Node Type": "Gather",
                            "Parent Relationship": "Outer",
                            "Parallel Aware": false,
                            "Startup Cost": 409145393570630.6,
                            "Total Cost": 409145393570631.0,
                            "Plan Rows": 4,
                            "Plan Width": 68,
                            "Workers Planned": 4,
                            "Single Copy": false,
                            "Plans": [
                                {
                                    "Node Type": "Aggregate",
                                    "Strategy": "Plain",
                                    "Partial Mode": "Partial",
                                    "Parent Relationship": "Outer",
                                    "Parallel Aware": false,
                                    "Startup Cost": 409145393569630.6,
                                    "Total Cost": 409145393569630.6,
                                    "Plan Rows": 1,
                                    "Plan Width": 68,
                                    "Plans": [
                                        {
                                            "Node Type": "Merge Join",
                                            "Parent Relationship": "Outer",
                                            "Parallel Aware": false,
                                            "Join Type": "Inner",
                                            "Startup Cost": 44087980300508.15,
                                            "Total Cost": 258074033516953.4,
                                            "Plan Rows": 20142848007023624,
                                            "Plan Width": 45,
                                            "Inner Unique": false,
                                            "Merge Cond": "(mi_idx.info_type_id = it.id)",
                                            "Plans": [
                                                {
                                                    "Node Type": "Nested Loop",
                                                    "Parent Relationship": "Outer",
                                                    "Parallel Aware": false,
                                                    "Join Type": "Inner",
                                                    "Startup Cost": 0.43,
                                                    "Total Cost": 24486232530.63,
                                                    "Plan Rows": 900172334879,
                                                    "Plan Width": 28,
                                                    "Inner Unique": false,
                                                    "Plans": [
                                                        {
                                                            "Node Type": "Index Only Scan",
                                                            "Parent Relationship": "Outer",
                                                            "Parallel Aware": true,
                                                            "Scan Direction": "Forward",
                                                            "Index Name": "info_type_id_movie_info_idx",
                                                            "Relation Name": "movie_info_idx",
                                                            "Alias": "mi_idx",
                                                            "Startup Cost": 0.43,
                                                            "Total Cost": 53677.41,
                                                            "Plan Rows": 345009,
                                                            "Plan Width": 4
                                                        },
                                                        {
                                                            "Node Type": "Seq Scan",
                                                            "Parent Relationship": "Inner",
                                                            "Parallel Aware": false,
                                                            "Relation Name": "movie_companies",
                                                            "Alias": "mc",
                                                            "Startup Cost": 0.0,
                                                            "Total Cost": 44881.29,
                                                            "Plan Rows": 2609129,
                                                            "Plan Width": 24
                                                        }
                                                    ]
                                                },
                                                {
                                                    "Node Type": "Sort",
                                                    "Parent Relationship": "Inner",
                                                    "Parallel Aware": false,
                                                    "Startup Cost": 380760.55,
                                                    "Total Cost": 387081.8,
                                                    "Plan Rows": 2528500,
                                                    "Plan Width": 25,
                                                    "Sort Key": [
                                                        "it.id"
                                                    ],
                                                    "Plans": [
                                                        {
                                                            "Node Type": "Nested Loop",
                                                            "Parent Relationship": "Outer",
                                                            "Parallel Aware": false,
                                                            "Join Type": "Inner",
                                                            "Startup Cost": 0.0,
                                                            "Total Cost": 111856.46,
                                                            "Plan Rows": 2528500,
                                                            "Plan Width": 25,
                                                            "Inner Unique": false,
                                                            "Plans": [
                                                                {
                                                                    "Node Type": "Seq Scan",
                                                                    "Parent Relationship": "Outer",
                                                                    "Parallel Aware": false,
                                                                    "Relation Name": "info_type",
                                                                    "Alias": "it",
                                                                    "Startup Cost": 0.0,
                                                                    "Total Cost": 2.41,
                                                                    "Plan Rows": 1,
                                                                    "Plan Width": 4,
                                                                    "Filter": "((info)::text = 'top 250 rank'::text)"
                                                                },
                                                                {
                                                                    "Node Type": "Nested Loop",
                                                                    "Parent Relationship": "Inner",
                                                                    "Parallel Aware": false,
                                                                    "Join Type": "Inner",
                                                                    "Startup Cost": 0.0,
                                                                    "Total Cost": 86569.05,
                                                                    "Plan Rows": 2528500,
                                                                    "Plan Width": 21,
                                                                    "Inner Unique": false,
                                                                    "Plans": [
                                                                        {
                                                                            "Node Type": "Seq Scan",
                                                                            "Parent Relationship": "Outer",
                                                                            "Parallel Aware": false,
                                                                            "Relation Name": "company_type",
                                                                            "Alias": "ct",
                                                                            "Startup Cost": 0.0,
                                                                            "Total Cost": 1.05,
                                                                            "Plan Rows": 1,
                                                                            "Plan Width": 0,
                                                                            "Filter": "((kind)::text = 'production companies'::text)"
                                                                        },
                                                                        {
                                                                            "Node Type": "Seq Scan",
                                                                            "Parent Relationship": "Inner",
                                                                            "Parallel Aware": false,
                                                                            "Relation Name": "title",
                                                                            "Alias": "t",
                                                                            "Startup Cost": 0.0,
                                                                            "Total Cost": 61283.0,
                                                                            "Plan Rows": 2528500,
                                                                            "Plan Width": 21
                                                                        }
                                                                    ]
                                                                }
                                                            ]
                                                        }
                                                    ]
                                                }
                                            ]
                                        }
                                    ]
                                }
                            ]
                        }
                    ]
                }
            }
        ]
    ]
]